This is pdfTeX, Version 3.14159265-2.6-1.40.19 (TeX Live 2018) (preloaded format=pdflatex 2018.4.16)  10 NOV 2018 17:01
entering extended mode
 restricted \write18 enabled.
 %&-line parsing enabled.
**refman
(./refman.tex
LaTeX2e <2018-04-01> patch level 2
Babel <3.18> and hyphenation patterns for 84 language(s) loaded.
(/usr/local/texlive/2018/texmf-dist/tex/latex/base/article.cls
Document Class: article 2014/09/29 v1.4h Standard LaTeX document class
(/usr/local/texlive/2018/texmf-dist/tex/latex/base/size10.clo
File: size10.clo 2014/09/29 v1.4h Standard LaTeX file (size option)
)
\c@part=\count80
\c@section=\count81
\c@subsection=\count82
\c@subsubsection=\count83
\c@paragraph=\count84
\c@subparagraph=\count85
\c@figure=\count86
\c@table=\count87
\abovecaptionskip=\skip41
\belowcaptionskip=\skip42
\bibindent=\dimen102
)
(/usr/local/texlive/2018/texmf-dist/tex/latex/base/fixltx2e.sty
Package: fixltx2e 2016/12/29 v2.1a fixes to LaTeX (obsolete)
Applying: [2015/01/01] Old fixltx2e package on input line 46.


Package fixltx2e Warning: fixltx2e is not required with releases after 2015
(fixltx2e)                All fixes are now in the LaTeX kernel.
(fixltx2e)                See the latexrelease package for details.

Already applied: [0000/00/00] Old fixltx2e package on input line 53.
) (/usr/local/texlive/2018/texmf-dist/tex/latex/tools/calc.sty
Package: calc 2017/05/25 v4.3 Infix arithmetic (KKT,FJ)
\calc@Acount=\count88
\calc@Bcount=\count89
\calc@Adimen=\dimen103
\calc@Bdimen=\dimen104
\calc@Askip=\skip43
\calc@Bskip=\skip44
LaTeX Info: Redefining \setlength on input line 80.
LaTeX Info: Redefining \addtolength on input line 81.
\calc@Ccount=\count90
\calc@Cskip=\skip45
) (./doxygen.sty
Package: doxygen 

(/usr/local/texlive/2018/texmf-dist/tex/latex/base/alltt.sty
Package: alltt 1997/06/16 v2.0g defines alltt environment
)
(/usr/local/texlive/2018/texmf-dist/tex/latex/tools/array.sty
Package: array 2018/04/07 v2.4g Tabular extension package (FMi)
\col@sep=\dimen105
\ar@mcellbox=\box26
\extrarowheight=\dimen106
\NC@list=\toks14
\extratabsurround=\skip46
\backup@length=\skip47
\ar@cellbox=\box27
)
(/usr/local/texlive/2018/texmf-dist/tex/latex/float/float.sty
Package: float 2001/11/08 v1.3d Float enhancements (AL)
\c@float@type=\count91
\float@exts=\toks15
\float@box=\box28
\@float@everytoks=\toks16
\@floatcapt=\box29
)
(/usr/local/texlive/2018/texmf-dist/tex/latex/base/ifthen.sty
Package: ifthen 2014/09/29 v1.1c Standard LaTeX ifthen package (DPC)
)
(/usr/local/texlive/2018/texmf-dist/tex/latex/tools/verbatim.sty
Package: verbatim 2014/10/28 v1.5q LaTeX2e package for verbatim enhancements
\every@verbatim=\toks17
\verbatim@line=\toks18
\verbatim@in@stream=\read1
)
(/usr/local/texlive/2018/texmf-dist/tex/latex/xcolor/xcolor.sty
Package: xcolor 2016/05/11 v2.12 LaTeX color extensions (UK)

(/usr/local/texlive/2018/texmf-dist/tex/latex/graphics-cfg/color.cfg
File: color.cfg 2016/01/02 v1.6 sample color configuration
)
Package xcolor Info: Driver file: pdftex.def on input line 225.

(/usr/local/texlive/2018/texmf-dist/tex/latex/graphics-def/pdftex.def
File: pdftex.def 2018/01/08 v1.0l Graphics/color driver for pdftex
)
(/usr/local/texlive/2018/texmf-dist/tex/latex/colortbl/colortbl.sty
Package: colortbl 2012/02/13 v1.0a Color table columns (DPC)
\everycr=\toks19
\minrowclearance=\skip48
)
\rownum=\count92
Package xcolor Info: Model `cmy' substituted by `cmy0' on input line 1348.
Package xcolor Info: Model `hsb' substituted by `rgb' on input line 1352.
Package xcolor Info: Model `RGB' extended on input line 1364.
Package xcolor Info: Model `HTML' substituted by `rgb' on input line 1366.
Package xcolor Info: Model `Hsb' substituted by `hsb' on input line 1367.
Package xcolor Info: Model `tHsb' substituted by `hsb' on input line 1368.
Package xcolor Info: Model `HSB' substituted by `hsb' on input line 1369.
Package xcolor Info: Model `Gray' substituted by `gray' on input line 1370.
Package xcolor Info: Model `wave' substituted by `hsb' on input line 1371.
)
(/usr/local/texlive/2018/texmf-dist/tex/latex/tools/longtable.sty
Package: longtable 2014/10/28 v4.11 Multi-page Table package (DPC)
\LTleft=\skip49
\LTright=\skip50
\LTpre=\skip51
\LTpost=\skip52
\LTchunksize=\count93
\LTcapwidth=\dimen107
\LT@head=\box30
\LT@firsthead=\box31
\LT@foot=\box32
\LT@lastfoot=\box33
\LT@cols=\count94
\LT@rows=\count95
\c@LT@tables=\count96
\c@LT@chunks=\count97
\LT@p@ftn=\toks20
)
(/usr/local/texlive/2018/texmf-dist/tex/latex/tabu/tabu.sty
Package: tabu 2011/02/26 v2.8 - flexible LaTeX tabulars (FC)

(/usr/local/texlive/2018/texmf-dist/tex/latex/varwidth/varwidth.sty
Package: varwidth 2009/03/30 ver 0.92;  Variable-width minipages
\@vwid@box=\box34
\sift@deathcycles=\count98
\@vwid@loff=\dimen108
\@vwid@roff=\dimen109
)
\c@taburow=\count99
\tabu@nbcols=\count100
\tabu@cnt=\count101
\tabu@Xcol=\count102
\tabu@alloc=\count103
\tabu@nested=\count104
\tabu@target=\dimen110
\tabu@spreadtarget=\dimen111
\tabu@naturalX=\dimen112
\tabucolX=\dimen113
\tabu@Xsum=\dimen114
\extrarowdepth=\dimen115
\abovetabulinesep=\dimen116
\belowtabulinesep=\dimen117
\tabustrutrule=\dimen118
\tabu@thebody=\toks21
\tabu@footnotes=\toks22
\tabu@box=\box35
\tabu@arstrutbox=\box36
\tabu@hleads=\box37
\tabu@vleads=\box38
\tabu@cellskip=\skip53
)
(/usr/local/texlive/2018/texmf-dist/tex/latex/tools/tabularx.sty
Package: tabularx 2016/02/03 v2.11b `tabularx' package (DPC)
\TX@col@width=\dimen119
\TX@old@table=\dimen120
\TX@old@col=\dimen121
\TX@target=\dimen122
\TX@delta=\dimen123
\TX@cols=\count105
\TX@ftn=\toks23
)
(/usr/local/texlive/2018/texmf-dist/tex/latex/multirow/multirow.sty
Package: multirow 2016/11/25 v2.2 Span multiple rows of a table
\multirow@colwidth=\skip54
\multirow@cntb=\count106
\multirow@dima=\skip55
\bigstrutjot=\dimen124
)
\xrefbox=\box39
\xreflength=\skip56
)
(/usr/local/texlive/2018/texmf-dist/tex/latex/adjustbox/adjustbox.sty
Package: adjustbox 2018/04/08 v1.1 Adjusting TeX boxes (trim, clip, ...)

(/usr/local/texlive/2018/texmf-dist/tex/latex/xkeyval/xkeyval.sty
Package: xkeyval 2014/12/03 v2.7a package option processing (HA)

(/usr/local/texlive/2018/texmf-dist/tex/generic/xkeyval/xkeyval.tex
(/usr/local/texlive/2018/texmf-dist/tex/generic/xkeyval/xkvutils.tex
\XKV@toks=\toks24
\XKV@tempa@toks=\toks25

(/usr/local/texlive/2018/texmf-dist/tex/generic/xkeyval/keyval.tex))
\XKV@depth=\count107
File: xkeyval.tex 2014/12/03 v2.7a key=value parser (HA)
))
(/usr/local/texlive/2018/texmf-dist/tex/latex/adjustbox/adjcalc.sty
Package: adjcalc 2012/05/16 v1.1 Provides advanced setlength with multiple back
-ends (calc, etex, pgfmath)
)
(/usr/local/texlive/2018/texmf-dist/tex/latex/adjustbox/trimclip.sty
Package: trimclip 2018/04/08 v1.1 Trim and clip general TeX material

(/usr/local/texlive/2018/texmf-dist/tex/latex/graphics/graphicx.sty
Package: graphicx 2017/06/01 v1.1a Enhanced LaTeX Graphics (DPC,SPQR)

(/usr/local/texlive/2018/texmf-dist/tex/latex/graphics/graphics.sty
Package: graphics 2017/06/25 v1.2c Standard LaTeX Graphics (DPC,SPQR)

(/usr/local/texlive/2018/texmf-dist/tex/latex/graphics/trig.sty
Package: trig 2016/01/03 v1.10 sin cos tan (DPC)
)
(/usr/local/texlive/2018/texmf-dist/tex/latex/graphics-cfg/graphics.cfg
File: graphics.cfg 2016/06/04 v1.11 sample graphics configuration
)
Package graphics Info: Driver file: pdftex.def on input line 99.
)
\Gin@req@height=\dimen125
\Gin@req@width=\dimen126
)
(/usr/local/texlive/2018/texmf-dist/tex/latex/collectbox/collectbox.sty
Package: collectbox 2012/05/17 v0.4b Collect macro arguments as boxes
\collectedbox=\box40
)
\tc@llx=\dimen127
\tc@lly=\dimen128
\tc@urx=\dimen129
\tc@ury=\dimen130
Package trimclip Info: Using driver 'tc-pdftex.def'.

(/usr/local/texlive/2018/texmf-dist/tex/latex/adjustbox/tc-pdftex.def
File: tc-pdftex.def 2018/04/08 v2.1 Clipping driver for pdftex
))
\adjbox@Width=\dimen131
\adjbox@Height=\dimen132
\adjbox@Depth=\dimen133
\adjbox@Totalheight=\dimen134
\adjbox@pwidth=\dimen135
\adjbox@pheight=\dimen136
\adjbox@pdepth=\dimen137
\adjbox@ptotalheight=\dimen138

(/usr/local/texlive/2018/texmf-dist/tex/latex/ifoddpage/ifoddpage.sty
Package: ifoddpage 2016/04/23 v1.1 Conditionals for odd/even page detection
\c@checkoddpage=\count108
))
(/usr/local/texlive/2018/texmf-dist/tex/latex/base/inputenc.sty
Package: inputenc 2018/04/06 v1.3b Input encoding file
\inpenc@prehook=\toks26
\inpenc@posthook=\toks27
)
(/usr/local/texlive/2018/texmf-dist/tex/latex/base/makeidx.sty
Package: makeidx 2014/09/29 v1.0m Standard LaTeX package
)
(/usr/local/texlive/2018/texmf-dist/tex/latex/tools/multicol.sty
Package: multicol 2018/04/01 v1.8r multicolumn formatting (FMi)
\c@tracingmulticols=\count109
\mult@box=\box41
\multicol@leftmargin=\dimen139
\c@unbalance=\count110
\c@collectmore=\count111
\doublecol@number=\count112
\multicoltolerance=\count113
\multicolpretolerance=\count114
\full@width=\dimen140
\page@free=\dimen141
\premulticols=\dimen142
\postmulticols=\dimen143
\multicolsep=\skip57
\multicolbaselineskip=\skip58
\partial@page=\box42
\last@line=\box43
\maxbalancingoverflow=\dimen144
\mult@rightbox=\box44
\mult@grightbox=\box45
\mult@gfirstbox=\box46
\mult@firstbox=\box47
\@tempa=\box48
\@tempa=\box49
\@tempa=\box50
\@tempa=\box51
\@tempa=\box52
\@tempa=\box53
\@tempa=\box54
\@tempa=\box55
\@tempa=\box56
\@tempa=\box57
\@tempa=\box58
\@tempa=\box59
\@tempa=\box60
\@tempa=\box61
\@tempa=\box62
\@tempa=\box63
\@tempa=\box64
\c@columnbadness=\count115
\c@finalcolumnbadness=\count116
\last@try=\dimen145
\multicolovershoot=\dimen146
\multicolundershoot=\dimen147
\mult@nat@firstbox=\box65
\colbreak@box=\box66
\mc@col@check@num=\count117
)
(/usr/local/texlive/2018/texmf-dist/tex/latex/base/textcomp.sty
Package: textcomp 2017/04/05 v2.0i Standard LaTeX package
Package textcomp Info: Sub-encoding information:
(textcomp)               5 = only ISO-Adobe without \textcurrency
(textcomp)               4 = 5 + \texteuro
(textcomp)               3 = 4 + \textohm
(textcomp)               2 = 3 + \textestimated + \textcurrency
(textcomp)               1 = TS1 - \textcircled - \t
(textcomp)               0 = TS1 (full)
(textcomp)             Font families with sub-encoding setting implement
(textcomp)             only a restricted character set as indicated.
(textcomp)             Family '?' is the default used for unknown fonts.
(textcomp)             See the documentation for details.
Package textcomp Info: Setting ? sub-encoding to TS1/1 on input line 79.

(/usr/local/texlive/2018/texmf-dist/tex/latex/base/ts1enc.def
File: ts1enc.def 2001/06/05 v3.0e (jk/car/fm) Standard LaTeX file
Now handling font encoding TS1 ...
... processing UTF-8 mapping file for font encoding TS1

(/usr/local/texlive/2018/texmf-dist/tex/latex/base/ts1enc.dfu
File: ts1enc.dfu 2018/04/05 v1.2c UTF-8 support for inputenc
   defining Unicode char U+00A2 (decimal 162)
   defining Unicode char U+00A3 (decimal 163)
   defining Unicode char U+00A4 (decimal 164)
   defining Unicode char U+00A5 (decimal 165)
   defining Unicode char U+00A6 (decimal 166)
   defining Unicode char U+00A7 (decimal 167)
   defining Unicode char U+00A8 (decimal 168)
   defining Unicode char U+00A9 (decimal 169)
   defining Unicode char U+00AA (decimal 170)
   defining Unicode char U+00AC (decimal 172)
   defining Unicode char U+00AE (decimal 174)
   defining Unicode char U+00AF (decimal 175)
   defining Unicode char U+00B0 (decimal 176)
   defining Unicode char U+00B1 (decimal 177)
   defining Unicode char U+00B2 (decimal 178)
   defining Unicode char U+00B3 (decimal 179)
   defining Unicode char U+00B4 (decimal 180)
   defining Unicode char U+00B5 (decimal 181)
   defining Unicode char U+00B6 (decimal 182)
   defining Unicode char U+00B7 (decimal 183)
   defining Unicode char U+00B9 (decimal 185)
   defining Unicode char U+00BA (decimal 186)
   defining Unicode char U+00BC (decimal 188)
   defining Unicode char U+00BD (decimal 189)
   defining Unicode char U+00BE (decimal 190)
   defining Unicode char U+00D7 (decimal 215)
   defining Unicode char U+00F7 (decimal 247)
   defining Unicode char U+0192 (decimal 402)
   defining Unicode char U+02C7 (decimal 711)
   defining Unicode char U+02D8 (decimal 728)
   defining Unicode char U+02DD (decimal 733)
   defining Unicode char U+0E3F (decimal 3647)
   defining Unicode char U+2016 (decimal 8214)
   defining Unicode char U+2020 (decimal 8224)
   defining Unicode char U+2021 (decimal 8225)
   defining Unicode char U+2022 (decimal 8226)
   defining Unicode char U+2030 (decimal 8240)
   defining Unicode char U+2031 (decimal 8241)
   defining Unicode char U+203B (decimal 8251)
   defining Unicode char U+203D (decimal 8253)
   defining Unicode char U+2044 (decimal 8260)
   defining Unicode char U+204E (decimal 8270)
   defining Unicode char U+2052 (decimal 8274)
   defining Unicode char U+20A1 (decimal 8353)
   defining Unicode char U+20A4 (decimal 8356)
   defining Unicode char U+20A6 (decimal 8358)
   defining Unicode char U+20A9 (decimal 8361)
   defining Unicode char U+20AB (decimal 8363)
   defining Unicode char U+20AC (decimal 8364)
   defining Unicode char U+20B1 (decimal 8369)
   defining Unicode char U+2103 (decimal 8451)
   defining Unicode char U+2116 (decimal 8470)
   defining Unicode char U+2117 (decimal 8471)
   defining Unicode char U+211E (decimal 8478)
   defining Unicode char U+2120 (decimal 8480)
   defining Unicode char U+2122 (decimal 8482)
   defining Unicode char U+2126 (decimal 8486)
   defining Unicode char U+2127 (decimal 8487)
   defining Unicode char U+212E (decimal 8494)
   defining Unicode char U+2190 (decimal 8592)
   defining Unicode char U+2191 (decimal 8593)
   defining Unicode char U+2192 (decimal 8594)
   defining Unicode char U+2193 (decimal 8595)
   defining Unicode char U+2329 (decimal 9001)
   defining Unicode char U+232A (decimal 9002)
   defining Unicode char U+2422 (decimal 9250)
   defining Unicode char U+25E6 (decimal 9702)
   defining Unicode char U+25EF (decimal 9711)
   defining Unicode char U+266A (decimal 9834)
   defining Unicode char U+FEFF (decimal 65279)
))
LaTeX Info: Redefining \oldstylenums on input line 334.
Package textcomp Info: Setting cmr sub-encoding to TS1/0 on input line 349.
Package textcomp Info: Setting cmss sub-encoding to TS1/0 on input line 350.
Package textcomp Info: Setting cmtt sub-encoding to TS1/0 on input line 351.
Package textcomp Info: Setting cmvtt sub-encoding to TS1/0 on input line 352.
Package textcomp Info: Setting cmbr sub-encoding to TS1/0 on input line 353.
Package textcomp Info: Setting cmtl sub-encoding to TS1/0 on input line 354.
Package textcomp Info: Setting ccr sub-encoding to TS1/0 on input line 355.
Package textcomp Info: Setting ptm sub-encoding to TS1/4 on input line 356.
Package textcomp Info: Setting pcr sub-encoding to TS1/4 on input line 357.
Package textcomp Info: Setting phv sub-encoding to TS1/4 on input line 358.
Package textcomp Info: Setting ppl sub-encoding to TS1/3 on input line 359.
Package textcomp Info: Setting pag sub-encoding to TS1/4 on input line 360.
Package textcomp Info: Setting pbk sub-encoding to TS1/4 on input line 361.
Package textcomp Info: Setting pnc sub-encoding to TS1/4 on input line 362.
Package textcomp Info: Setting pzc sub-encoding to TS1/4 on input line 363.
Package textcomp Info: Setting bch sub-encoding to TS1/4 on input line 364.
Package textcomp Info: Setting put sub-encoding to TS1/5 on input line 365.
Package textcomp Info: Setting uag sub-encoding to TS1/5 on input line 366.
Package textcomp Info: Setting ugq sub-encoding to TS1/5 on input line 367.
Package textcomp Info: Setting ul8 sub-encoding to TS1/4 on input line 368.
Package textcomp Info: Setting ul9 sub-encoding to TS1/4 on input line 369.
Package textcomp Info: Setting augie sub-encoding to TS1/5 on input line 370.
Package textcomp Info: Setting dayrom sub-encoding to TS1/3 on input line 371.
Package textcomp Info: Setting dayroms sub-encoding to TS1/3 on input line 372.

Package textcomp Info: Setting pxr sub-encoding to TS1/0 on input line 373.
Package textcomp Info: Setting pxss sub-encoding to TS1/0 on input line 374.
Package textcomp Info: Setting pxtt sub-encoding to TS1/0 on input line 375.
Package textcomp Info: Setting txr sub-encoding to TS1/0 on input line 376.
Package textcomp Info: Setting txss sub-encoding to TS1/0 on input line 377.
Package textcomp Info: Setting txtt sub-encoding to TS1/0 on input line 378.
Package textcomp Info: Setting lmr sub-encoding to TS1/0 on input line 379.
Package textcomp Info: Setting lmdh sub-encoding to TS1/0 on input line 380.
Package textcomp Info: Setting lmss sub-encoding to TS1/0 on input line 381.
Package textcomp Info: Setting lmssq sub-encoding to TS1/0 on input line 382.
Package textcomp Info: Setting lmvtt sub-encoding to TS1/0 on input line 383.
Package textcomp Info: Setting lmtt sub-encoding to TS1/0 on input line 384.
Package textcomp Info: Setting qhv sub-encoding to TS1/0 on input line 385.
Package textcomp Info: Setting qag sub-encoding to TS1/0 on input line 386.
Package textcomp Info: Setting qbk sub-encoding to TS1/0 on input line 387.
Package textcomp Info: Setting qcr sub-encoding to TS1/0 on input line 388.
Package textcomp Info: Setting qcs sub-encoding to TS1/0 on input line 389.
Package textcomp Info: Setting qpl sub-encoding to TS1/0 on input line 390.
Package textcomp Info: Setting qtm sub-encoding to TS1/0 on input line 391.
Package textcomp Info: Setting qzc sub-encoding to TS1/0 on input line 392.
Package textcomp Info: Setting qhvc sub-encoding to TS1/0 on input line 393.
Package textcomp Info: Setting futs sub-encoding to TS1/4 on input line 394.
Package textcomp Info: Setting futx sub-encoding to TS1/4 on input line 395.
Package textcomp Info: Setting futj sub-encoding to TS1/4 on input line 396.
Package textcomp Info: Setting hlh sub-encoding to TS1/3 on input line 397.
Package textcomp Info: Setting hls sub-encoding to TS1/3 on input line 398.
Package textcomp Info: Setting hlst sub-encoding to TS1/3 on input line 399.
Package textcomp Info: Setting hlct sub-encoding to TS1/5 on input line 400.
Package textcomp Info: Setting hlx sub-encoding to TS1/5 on input line 401.
Package textcomp Info: Setting hlce sub-encoding to TS1/5 on input line 402.
Package textcomp Info: Setting hlcn sub-encoding to TS1/5 on input line 403.
Package textcomp Info: Setting hlcw sub-encoding to TS1/5 on input line 404.
Package textcomp Info: Setting hlcf sub-encoding to TS1/5 on input line 405.
Package textcomp Info: Setting pplx sub-encoding to TS1/3 on input line 406.
Package textcomp Info: Setting pplj sub-encoding to TS1/3 on input line 407.
Package textcomp Info: Setting ptmx sub-encoding to TS1/4 on input line 408.
Package textcomp Info: Setting ptmj sub-encoding to TS1/4 on input line 409.
)
(/usr/local/texlive/2018/texmf-dist/tex/latex/wasysym/wasysym.sty
Package: wasysym 2003/10/30 v2.0 Wasy-2 symbol support package
\symwasy=\mathgroup4
LaTeX Font Info:    Overwriting symbol font `wasy' in version `bold'
(Font)                  U/wasy/m/n --> U/wasy/b/n on input line 90.
)
(/usr/local/texlive/2018/texmf-dist/tex/latex/base/fontenc.sty
Package: fontenc 2017/04/05 v2.0i Standard LaTeX package

(/usr/local/texlive/2018/texmf-dist/tex/latex/base/t1enc.def
File: t1enc.def 2017/04/05 v2.0i Standard LaTeX file
LaTeX Font Info:    Redeclaring font encoding T1 on input line 48.
))
(/usr/local/texlive/2018/texmf-dist/tex/latex/psnfss/helvet.sty
Package: helvet 2005/04/12 PSNFSS-v9.2a (WaS) 
)
(/usr/local/texlive/2018/texmf-dist/tex/latex/psnfss/courier.sty
Package: courier 2005/04/12 PSNFSS-v9.2a (WaS) 
)
(/usr/local/texlive/2018/texmf-dist/tex/latex/amsfonts/amssymb.sty
Package: amssymb 2013/01/14 v3.01 AMS font symbols

(/usr/local/texlive/2018/texmf-dist/tex/latex/amsfonts/amsfonts.sty
Package: amsfonts 2013/01/14 v3.01 Basic AMSFonts support
\@emptytoks=\toks28
\symAMSa=\mathgroup5
\symAMSb=\mathgroup6
LaTeX Font Info:    Overwriting math alphabet `\mathfrak' in version `bold'
(Font)                  U/euf/m/n --> U/euf/b/n on input line 106.
))
(/usr/local/texlive/2018/texmf-dist/tex/latex/sectsty/sectsty.sty
Package: sectsty 2002/02/25 v2.0.2 Commands to change all sectional heading sty
les
)
(/usr/local/texlive/2018/texmf-dist/tex/latex/geometry/geometry.sty
Package: geometry 2018/03/24 v5.7 Page Geometry

(/usr/local/texlive/2018/texmf-dist/tex/generic/oberdiek/ifpdf.sty
Package: ifpdf 2017/03/15 v3.2 Provides the ifpdf switch
)
(/usr/local/texlive/2018/texmf-dist/tex/generic/oberdiek/ifvtex.sty
Package: ifvtex 2016/05/16 v1.6 Detect VTeX and its facilities (HO)
Package ifvtex Info: VTeX not detected.
)
(/usr/local/texlive/2018/texmf-dist/tex/generic/ifxetex/ifxetex.sty
Package: ifxetex 2010/09/12 v0.6 Provides ifxetex conditional
)
\Gm@cnth=\count118
\Gm@cntv=\count119
\c@Gm@tempcnt=\count120
\Gm@bindingoffset=\dimen148
\Gm@wd@mp=\dimen149
\Gm@odd@mp=\dimen150
\Gm@even@mp=\dimen151
\Gm@layoutwidth=\dimen152
\Gm@layoutheight=\dimen153
\Gm@layouthoffset=\dimen154
\Gm@layoutvoffset=\dimen155
\Gm@dimlist=\toks29
)
(/usr/local/texlive/2018/texmf-dist/tex/latex/fancyhdr/fancyhdr.sty
Package: fancyhdr 2017/06/30 v3.9a Extensive control of page headers and footer
s
\f@nch@headwidth=\skip59
\f@nch@O@elh=\skip60
\f@nch@O@erh=\skip61
\f@nch@O@olh=\skip62
\f@nch@O@orh=\skip63
\f@nch@O@elf=\skip64
\f@nch@O@erf=\skip65
\f@nch@O@olf=\skip66
\f@nch@O@orf=\skip67
)
(/usr/local/texlive/2018/texmf-dist/tex/latex/natbib/natbib.sty
Package: natbib 2010/09/13 8.31b (PWD, AO)
\bibhang=\skip68
\bibsep=\skip69
LaTeX Info: Redefining \cite on input line 694.
\c@NAT@ctr=\count121
)
(/usr/local/texlive/2018/texmf-dist/tex/latex/tocloft/tocloft.sty
Package: tocloft 2017/08/31 v2.3i parameterised ToC, etc., typesetting
Package tocloft Info: The document has section divisions on input line 51.
\cftparskip=\skip70
\cftbeforetoctitleskip=\skip71
\cftaftertoctitleskip=\skip72
\cftbeforepartskip=\skip73
\cftpartnumwidth=\skip74
\cftpartindent=\skip75
\cftbeforesecskip=\skip76
\cftsecindent=\skip77
\cftsecnumwidth=\skip78
\cftbeforesubsecskip=\skip79
\cftsubsecindent=\skip80
\cftsubsecnumwidth=\skip81
\cftbeforesubsubsecskip=\skip82
\cftsubsubsecindent=\skip83
\cftsubsubsecnumwidth=\skip84
\cftbeforeparaskip=\skip85
\cftparaindent=\skip86
\cftparanumwidth=\skip87
\cftbeforesubparaskip=\skip88
\cftsubparaindent=\skip89
\cftsubparanumwidth=\skip90
\cftbeforeloftitleskip=\skip91
\cftafterloftitleskip=\skip92
\cftbeforefigskip=\skip93
\cftfigindent=\skip94
\cftfignumwidth=\skip95
\c@lofdepth=\count122
\c@lotdepth=\count123
\cftbeforelottitleskip=\skip96
\cftafterlottitleskip=\skip97
\cftbeforetabskip=\skip98
\cfttabindent=\skip99
\cfttabnumwidth=\skip100
)
\@indexfile=\write3
\openout3 = `refman.idx'.


Writing index file refman.idx
(/usr/local/texlive/2018/texmf-dist/tex/latex/caption/caption.sty
Package: caption 2016/02/21 v3.3-144 Customizing captions (AR)

(/usr/local/texlive/2018/texmf-dist/tex/latex/caption/caption3.sty
Package: caption3 2016/05/22 v1.7-166 caption3 kernel (AR)
Package caption3 Info: TeX engine: e-TeX on input line 67.
\captionmargin=\dimen156
\captionmargin@=\dimen157
\captionwidth=\dimen158
\caption@tempdima=\dimen159
\caption@indent=\dimen160
\caption@parindent=\dimen161
\caption@hangindent=\dimen162
)
\c@ContinuedFloat=\count124
Package caption Info: float package is loaded.
Package caption Info: longtable package is loaded.

(/usr/local/texlive/2018/texmf-dist/tex/latex/caption/ltcaption.sty
Package: ltcaption 2013/06/09 v1.4-94 longtable captions (AR)
))
No file refman.aux.
\openout1 = `refman.aux'.

LaTeX Font Info:    Checking defaults for OML/cmm/m/it on input line 100.
LaTeX Font Info:    ... okay on input line 100.
LaTeX Font Info:    Checking defaults for T1/cmr/m/n on input line 100.
LaTeX Font Info:    ... okay on input line 100.
LaTeX Font Info:    Checking defaults for OT1/cmr/m/n on input line 100.
LaTeX Font Info:    ... okay on input line 100.
LaTeX Font Info:    Checking defaults for OMS/cmsy/m/n on input line 100.
LaTeX Font Info:    ... okay on input line 100.
LaTeX Font Info:    Checking defaults for OMX/cmex/m/n on input line 100.
LaTeX Font Info:    ... okay on input line 100.
LaTeX Font Info:    Checking defaults for U/cmr/m/n on input line 100.
LaTeX Font Info:    ... okay on input line 100.
LaTeX Font Info:    Checking defaults for TS1/cmr/m/n on input line 100.
LaTeX Font Info:    Try loading font information for TS1+cmr on input line 100.

(/usr/local/texlive/2018/texmf-dist/tex/latex/base/ts1cmr.fd
File: ts1cmr.fd 2014/09/29 v2.5h Standard LaTeX font definitions
)
LaTeX Font Info:    ... okay on input line 100.
LaTeX Font Info:    Try loading font information for T1+phv on input line 100.

(/usr/local/texlive/2018/texmf-dist/tex/latex/psnfss/t1phv.fd
File: t1phv.fd 2001/06/04 scalable font definitions for T1/phv.
)
LaTeX Font Info:    Font shape `T1/phv/m/n' will be
(Font)              scaled to size 8.99994pt on input line 100.

(/usr/local/texlive/2018/texmf-dist/tex/context/base/mkii/supp-pdf.mkii
[Loading MPS to PDF converter (version 2006.09.02).]
\scratchcounter=\count125
\scratchdimen=\dimen163
\scratchbox=\box67
\nofMPsegments=\count126
\nofMParguments=\count127
\everyMPshowfont=\toks30
\MPscratchCnt=\count128
\MPscratchDim=\dimen164
\MPnumerator=\count129
\makeMPintoPDFobject=\count130
\everyMPtoPDFconversion=\toks31
) (/usr/local/texlive/2018/texmf-dist/tex/latex/oberdiek/epstopdf-base.sty
Package: epstopdf-base 2016/05/15 v2.6 Base part for package epstopdf

(/usr/local/texlive/2018/texmf-dist/tex/generic/oberdiek/infwarerr.sty
Package: infwarerr 2016/05/16 v1.4 Providing info/warning/error messages (HO)
)
(/usr/local/texlive/2018/texmf-dist/tex/latex/oberdiek/grfext.sty
Package: grfext 2016/05/16 v1.2 Manage graphics extensions (HO)

(/usr/local/texlive/2018/texmf-dist/tex/generic/oberdiek/kvdefinekeys.sty
Package: kvdefinekeys 2016/05/16 v1.4 Define keys (HO)

(/usr/local/texlive/2018/texmf-dist/tex/generic/oberdiek/ltxcmds.sty
Package: ltxcmds 2016/05/16 v1.23 LaTeX kernel commands for general use (HO)
)))
(/usr/local/texlive/2018/texmf-dist/tex/latex/oberdiek/kvoptions.sty
Package: kvoptions 2016/05/16 v3.12 Key value format for package options (HO)

(/usr/local/texlive/2018/texmf-dist/tex/generic/oberdiek/kvsetkeys.sty
Package: kvsetkeys 2016/05/16 v1.17 Key value parser (HO)

(/usr/local/texlive/2018/texmf-dist/tex/generic/oberdiek/etexcmds.sty
Package: etexcmds 2016/05/16 v1.6 Avoid name clashes with e-TeX commands (HO)

(/usr/local/texlive/2018/texmf-dist/tex/generic/oberdiek/ifluatex.sty
Package: ifluatex 2016/05/16 v1.4 Provides the ifluatex switch (HO)
Package ifluatex Info: LuaTeX not detected.
)
Package etexcmds Info: Could not find \expanded.
(etexcmds)             That can mean that you are not using pdfTeX 1.50 or
(etexcmds)             that some package has redefined \expanded.
(etexcmds)             In the latter case, load this package earlier.
)))
(/usr/local/texlive/2018/texmf-dist/tex/generic/oberdiek/pdftexcmds.sty
Package: pdftexcmds 2018/01/30 v0.27 Utility functions of pdfTeX for LuaTeX (HO
)
Package pdftexcmds Info: LuaTeX not detected.
Package pdftexcmds Info: \pdf@primitive is available.
Package pdftexcmds Info: \pdf@ifprimitive is available.
Package pdftexcmds Info: \pdfdraftmode found.
)
Package epstopdf-base Info: Redefining graphics rule for `.eps' on input line 4
38.
Package grfext Info: Graphics extension search list:
(grfext)             [.pdf,.png,.jpg,.mps,.jpeg,.jbig2,.jb2,.PDF,.PNG,.JPG,.JPE
G,.JBIG2,.JB2,.eps]
(grfext)             \AppendGraphicsExtensions on input line 456.

(/usr/local/texlive/2018/texmf-dist/tex/latex/latexconfig/epstopdf-sys.cfg
File: epstopdf-sys.cfg 2010/07/13 v1.3 Configuration of (r)epstopdf for TeX Liv
e
))
*geometry* driver: auto-detecting
*geometry* detected driver: pdftex
*geometry* verbose mode - [ preamble ] result:
* driver: pdftex
* paper: letterpaper
* layout: <same size as paper>
* layoutoffset:(h,v)=(0.0pt,0.0pt)
* modes: twoside 
* h-part:(L,W,R)=(71.13188pt, 472.03123pt, 71.13188pt)
* v-part:(T,H,B)=(71.13188pt, 652.70622pt, 71.13188pt)
* \paperwidth=614.295pt
* \paperheight=794.96999pt
* \textwidth=472.03123pt
* \textheight=652.70622pt
* \oddsidemargin=-1.1381pt
* \evensidemargin=-1.1381pt
* \topmargin=-38.1381pt
* \headheight=12.0pt
* \headsep=25.0pt
* \topskip=10.0pt
* \footskip=30.0pt
* \marginparwidth=121.0pt
* \marginparsep=11.0pt
* \columnsep=10.0pt
* \skip\footins=9.0pt plus 4.0pt minus 2.0pt
* \hoffset=0.0pt
* \voffset=0.0pt
* \mag=1000
* \@twocolumnfalse
* \@twosidetrue
* \@mparswitchtrue
* \@reversemarginfalse
* (1in=72.27pt=25.4mm, 1cm=28.453pt)

Package caption Info: Begin \AtBeginDocument code.
Package caption Info: End \AtBeginDocument code.
LaTeX Font Info:    Font shape `T1/phv/m/n' will be
(Font)              scaled to size 12.9599pt on input line 107.
LaTeX Font Info:    Font shape `T1/phv/m/n' will be
(Font)              scaled to size 10.79993pt on input line 107.
LaTeX Font Info:    Font shape `T1/phv/m/n' will be
(Font)              scaled to size 6.29996pt on input line 107.
LaTeX Font Info:    Try loading font information for U+wasy on input line 107.
(/usr/local/texlive/2018/texmf-dist/tex/latex/wasysym/uwasy.fd
File: uwasy.fd 2003/10/30 v2.0 Wasy-2 symbol font definitions
)
LaTeX Font Info:    Try loading font information for U+msa on input line 107.

(/usr/local/texlive/2018/texmf-dist/tex/latex/amsfonts/umsa.fd
File: umsa.fd 2013/01/14 v3.01 AMS symbols A
)
LaTeX Font Info:    Try loading font information for U+msb on input line 107.

(/usr/local/texlive/2018/texmf-dist/tex/latex/amsfonts/umsb.fd
File: umsb.fd 2013/01/14 v3.01 AMS symbols B
) [1

{/usr/local/texlive/2018/texmf-var/fonts/map/pdftex/updmap/pdftex.map}]
LaTeX Font Info:    Font shape `T1/phv/bx/n' in size <14.4> not available
(Font)              Font shape `T1/phv/b/n' tried instead on input line 113.
LaTeX Font Info:    Font shape `T1/phv/b/n' will be
(Font)              scaled to size 12.9599pt on input line 113.
LaTeX Font Info:    Font shape `T1/phv/bc/n' will be
(Font)              scaled to size 12.9599pt on input line 113.

No file refman.toc.
\tf@toc=\write4
\openout4 = `refman.toc'.

(./dd/da0/todo.tex
LaTeX Font Info:    Font shape `T1/phv/bx/n' in size <10> not available
(Font)              Font shape `T1/phv/b/n' tried instead on input line 4.
LaTeX Font Info:    Font shape `T1/phv/b/n' will be
(Font)              scaled to size 8.99994pt on input line 4.
LaTeX Font Info:    Font shape `T1/phv/bx/n' in size <7> not available
(Font)              Font shape `T1/phv/b/n' tried instead on input line 4.
LaTeX Font Info:    Font shape `T1/phv/b/n' will be
(Font)              scaled to size 6.29996pt on input line 4.


LaTeX Warning: Reference `da/d82/gyro_8h_a482017cc25be9213fef3222112eb1c7f' on 
page 1 undefined on input line 4.


LaTeX Warning: Reference `da/d82/gyro_8h_a482017cc25be9213fef3222112eb1c7f' on 
page 1 undefined on input line 4.


Underfull \hbox (badness 10000) in paragraph at lines 5--5

 []

) (./annotated.tex
LaTeX Font Info:    Font shape `T1/phv/bx/n' in size <12> not available
(Font)              Font shape `T1/phv/b/n' tried instead on input line 1.
LaTeX Font Info:    Font shape `T1/phv/b/n' will be
(Font)              scaled to size 10.79993pt on input line 1.
LaTeX Font Info:    Font shape `T1/phv/bc/n' will be
(Font)              scaled to size 10.79993pt on input line 1.


LaTeX Warning: Reference `structlcd__buttons' on page 1 undefined on input line
 3.

) (./files.tex

LaTeX Warning: Reference `API_8h' on page 1 undefined on input line 3.


LaTeX Warning: Reference `auton_8h' on page 1 undefined on input line 4.


LaTeX Warning: Reference `controller_8h' on page 1 undefined on input line 5.


LaTeX Warning: Reference `drive_8h' on page 1 undefined on input line 6.


LaTeX Warning: Reference `encoders_8h' on page 1 undefined on input line 7.


LaTeX Warning: Reference `gyro_8h' on page 1 undefined on input line 8.


LaTeX Warning: Reference `lcd_8h' on page 1 undefined on input line 9.


LaTeX Warning: Reference `main_8h' on page 1 undefined on input line 10.

Runaway argument?
{include/\textbf { motor\+\_\+ports.\+h} \\*The motor port definition\ETC.
! Paragraph ended before \l@section was complete.
<to be read again> 
                   \par 
l.12 
     
? ^^[[A
Type <return> to proceed, S to scroll future error messages,
R to run without stopping, Q to run quietly,
I to insert something, E to edit your file,
1 or ... or 9 to ignore the next 1 to 9 tokens of input,
H for help, X to quit.
? 
! Extra }, or forgotten \endgroup.
l.13 Macros for the different motors ports }
                                            {\pageref{motor__ports_8h}}{}
? 

LaTeX Warning: Reference `motor__ports_8h' on page 1 undefined on input line 13
.


LaTeX Warning: Reference `potentiometer_8h' on page 1 undefined on input line 1
4.


LaTeX Warning: Reference `auto_8c' on page 1 undefined on input line 15.


LaTeX Warning: Reference `controller_8c' on page 1 undefined on input line 16.


LaTeX Warning: Reference `drive_8c' on page 1 undefined on input line 17.

[1]

LaTeX Warning: Reference `encoders_8c' on page 2 undefined on input line 18.


LaTeX Warning: Reference `gyro_8c' on page 2 undefined on input line 19.


LaTeX Warning: Reference `init_8c' on page 2 undefined on input line 20.


LaTeX Warning: Reference `lcd_8c' on page 2 undefined on input line 21.


LaTeX Warning: Reference `opcontrol_8c' on page 2 undefined on input line 22.


LaTeX Warning: Reference `potentiometer_8c' on page 2 undefined on input line 2
3.


LaTeX Warning: Reference `segFault_8c' on page 2 undefined on input line 24.

) (./d8/d03/structlcd__buttons.tex
LaTeX Font Info:    Font shape `T1/phv/bc/n' will be
(Font)              scaled to size 6.29996pt on input line 1.
LaTeX Font Info:    Try loading font information for T1+pcr on input line 10.

(/usr/local/texlive/2018/texmf-dist/tex/latex/psnfss/t1pcr.fd
File: t1pcr.fd 2001/06/04 font definitions for T1/pcr.
)
LaTeX Font Info:    Font shape `T1/phv/bc/n' will be
(Font)              scaled to size 8.99994pt on input line 12.
LaTeX Font Info:    Try loading font information for TS1+phv on input line 15.

(/usr/local/texlive/2018/texmf-dist/tex/latex/psnfss/ts1phv.fd
File: ts1phv.fd 2001/06/04 scalable font definitions for TS1/phv.
)
LaTeX Font Info:    Font shape `TS1/phv/m/n' will be
(Font)              scaled to size 8.99994pt on input line 15.

Underfull \hbox (badness 10000) detected at line 29
[][][]
 []


Underfull \hbox (badness 10000) detected at line 32
[][][]
 []

) (./dd/d11/API_8h.tex [2]
Underfull \hbox (badness 10000) in paragraph at lines 8--13

 []

[3] [4] [5]

LaTeX Warning: Reference `d4/dbf/main_8h' on page 6 undefined on input line 368
.


LaTeX Warning: Reference `dd/d11/API_8h' on page 6 undefined on input line 368.


[6]
LaTeX Font Info:    Font shape `T1/phv/m/n' will be
(Font)              scaled to size 7.19995pt on input line 385.
 [7]
LaTeX Font Info:    Font shape `T1/pcr/bx/n' in size <8> not available
(Font)              Font shape `T1/pcr/b/n' tried instead on input line 439.
LaTeX Font Info:    Font shape `T1/pcr/bx/n' in size <7> not available
(Font)              Font shape `T1/pcr/b/n' tried instead on input line 439.


LaTeX Warning: Reference `dd/d11/API_8h_a23e767e5b47fa61d4e2cc02e6f15c7ab' on p
age 8 undefined on input line 451.


LaTeX Warning: Reference `dd/d11/API_8h_a1875409d12eee562555bda94cad7f973' on p
age 8 undefined on input line 473.

[8]

LaTeX Warning: Reference `dd/d11/API_8h_a1875409d12eee562555bda94cad7f973' on p
age 9 undefined on input line 485.


LaTeX Warning: Reference `dd/d11/API_8h_a1875409d12eee562555bda94cad7f973' on p
age 9 undefined on input line 497.


LaTeX Warning: Reference `dd/d11/API_8h_a8d0fd8e69a4c4c5aba981d106ee7f9ac' on p
age 9 undefined on input line 509.


LaTeX Warning: Reference `dd/d11/API_8h_a8d0fd8e69a4c4c5aba981d106ee7f9ac' on p
age 9 undefined on input line 519.

[9]

LaTeX Warning: Reference `dd/d11/API_8h_a8d0fd8e69a4c4c5aba981d106ee7f9ac' on p
age 10 undefined on input line 529.

[10]

LaTeX Warning: Reference `dd/d11/API_8h_a04541d90f60b1ccd3d036656673c972d' on p
age 11 undefined on input line 583.


LaTeX Warning: Reference `dd/d11/API_8h_a04541d90f60b1ccd3d036656673c972d' on p
age 11 undefined on input line 593.


LaTeX Warning: Reference `dd/d11/API_8h_a04541d90f60b1ccd3d036656673c972d' on p
age 11 undefined on input line 603.


LaTeX Warning: Reference `dd/d11/API_8h_a23e767e5b47fa61d4e2cc02e6f15c7ab' on p
age 11 undefined on input line 613.


LaTeX Warning: Reference `dd/d11/API_8h_a1875409d12eee562555bda94cad7f973' on p
age 11 undefined on input line 625.

[11]

LaTeX Warning: Reference `dd/d11/API_8h_a1875409d12eee562555bda94cad7f973' on p
age 12 undefined on input line 637.


LaTeX Warning: Reference `dd/d11/API_8h_adda53be8dacaa9deab92cabb9f2e54dd' on p
age 12 undefined on input line 649.


LaTeX Warning: Reference `dd/d11/API_8h_adda53be8dacaa9deab92cabb9f2e54dd' on p
age 12 undefined on input line 659.


LaTeX Warning: Reference `dd/d11/API_8h_adda53be8dacaa9deab92cabb9f2e54dd' on p
age 12 undefined on input line 669.


LaTeX Warning: Reference `dd/d11/API_8h_a86066f3cf35f5fca7ec405189773182c' on p
age 12 undefined on input line 679.

[12]

LaTeX Warning: Reference `dd/d11/API_8h_a86066f3cf35f5fca7ec405189773182c' on p
age 13 undefined on input line 689.


LaTeX Warning: Reference `dd/d11/API_8h_a86066f3cf35f5fca7ec405189773182c' on p
age 13 undefined on input line 699.


LaTeX Warning: Reference `dd/d11/API_8h_a86066f3cf35f5fca7ec405189773182c' on p
age 13 undefined on input line 709.


LaTeX Warning: Reference `dd/d11/API_8h_a86066f3cf35f5fca7ec405189773182c' on p
age 13 undefined on input line 719.

[13]

LaTeX Warning: Reference `dd/d11/API_8h_a86066f3cf35f5fca7ec405189773182c' on p
age 14 undefined on input line 729.


LaTeX Warning: Reference `dd/d11/API_8h_a86066f3cf35f5fca7ec405189773182c' on p
age 14 undefined on input line 739.


LaTeX Warning: Reference `dd/d11/API_8h_a86066f3cf35f5fca7ec405189773182c' on p
age 14 undefined on input line 749.

[14]

LaTeX Warning: Reference `dd/d11/API_8h_a4f805fd479cb4c427e8f4edfa7d55143' on p
age 15 undefined on input line 779.


LaTeX Warning: Reference `d4/dbf/main_8h_a3c7ca506bbc071fa740de13805b7f376' on 
page 15 undefined on input line 789.


LaTeX Warning: Reference `dd/d11/API_8h_a403c82418e475fa4a8273719e6a7f3e6' on p
age 15 undefined on input line 791.


LaTeX Warning: Reference `d4/dbf/main_8h_a3c7ca506bbc071fa740de13805b7f376' on 
page 15 undefined on input line 803.

[15]

LaTeX Warning: Reference `d4/dbf/main_8h_a3c7ca506bbc071fa740de13805b7f376' on 
page 16 undefined on input line 839.


LaTeX Warning: Reference `dd/d11/API_8h_a4f805fd479cb4c427e8f4edfa7d55143' on p
age 16 undefined on input line 869.

[16]

LaTeX Warning: Reference `dd/d11/API_8h_a4f805fd479cb4c427e8f4edfa7d55143' on p
age 17 undefined on input line 879.


LaTeX Warning: Reference `dd/d11/API_8h_a4f805fd479cb4c427e8f4edfa7d55143' on p
age 17 undefined on input line 889.


LaTeX Warning: Reference `dd/d11/API_8h_a4f805fd479cb4c427e8f4edfa7d55143' on p
age 17 undefined on input line 899.


LaTeX Warning: Reference `dd/d11/API_8h_ab56a51f337ad1903ad2bbce095744170' on p
age 17 undefined on input line 899.


LaTeX Warning: Reference `dd/d11/API_8h_a86066f3cf35f5fca7ec405189773182c' on p
age 17 undefined on input line 909.


LaTeX Warning: Reference `dd/d11/API_8h_a86066f3cf35f5fca7ec405189773182c' on p
age 17 undefined on input line 919.

[17] [18] [19]
LaTeX Font Info:    Font shape `T1/pcr/m/it' in size <8> not available
(Font)              Font shape `T1/pcr/m/sl' tried instead on input line 1051.


LaTeX Warning: Reference `dd/d11/API_8h_a5555228be96449af952aed5bcabb6d8d' on p
age 20 undefined on input line 1055.


LaTeX Warning: Reference `dd/d11/API_8h_ab9989f4619e4d3ccb13ed4c36d5f787a' on p
age 20 undefined on input line 1065.

[20]

Package longtable Warning: Column widths have changed
(longtable)                in table 1 on input line 1065.


LaTeX Warning: Reference `dd/d11/API_8h_adefc4d860dbaed441901d47d8c3598ee' on p
age 21 undefined on input line 1074.


LaTeX Warning: Reference `dd/d11/API_8h_a68b2c3e0863b8f4cb022fcdd77d2f5fd' on p
age 21 undefined on input line 1074.


LaTeX Warning: Reference `d4/dbf/main_8h_ad9cda921edb01125bb13c2f86bcf624b' on 
page 21 undefined on input line 1076.


Package longtable Warning: Column widths have changed
(longtable)                in table 2 on input line 1084.


Underfull \hbox (badness 10000) detected at line 1085
[][][]
 []

[21]

Package longtable Warning: Column widths have changed
(longtable)                in table 3 on input line 1104.


Underfull \hbox (badness 10000) detected at line 1105
[][][]
 []


LaTeX Warning: Reference `dd/d11/API_8h_aab54c390b2ff91b5b7861db877136392' on p
age 22 undefined on input line 1116.


LaTeX Warning: Reference `dd/d11/API_8h_a68b2c3e0863b8f4cb022fcdd77d2f5fd' on p
age 22 undefined on input line 1116.


Package longtable Warning: Column widths have changed
(longtable)                in table 4 on input line 1124.


Underfull \hbox (badness 10000) detected at line 1125
[][][]
 []


LaTeX Warning: Reference `dd/d11/API_8h_aab54c390b2ff91b5b7861db877136392' on p
age 22 undefined on input line 1136.

[22]

Package longtable Warning: Column widths have changed
(longtable)                in table 5 on input line 1146.


Underfull \hbox (badness 10000) detected at line 1147
[][][]
 []


LaTeX Warning: Reference `dd/d11/API_8h_ac89618d0782547d189fe412a9917639b' on p
age 23 undefined on input line 1156.


Package longtable Warning: Column widths have changed
(longtable)                in table 6 on input line 1162.


LaTeX Warning: Reference `dd/d11/API_8h_a1c59207742a1acf45a8957d7f04f9dfe' on p
age 23 undefined on input line 1175.


Package longtable Warning: Column widths have changed
(longtable)                in table 7 on input line 1181.

[23]

Package longtable Warning: Column widths have changed
(longtable)                in table 8 on input line 1198.


Underfull \hbox (badness 10000) detected at line 1199
[][][]
 []


Package longtable Warning: Column widths have changed
(longtable)                in table 9 on input line 1218.


LaTeX Warning: Reference `dd/d11/API_8h_aa68a1ba3d46d89bdb40961c52aa2c4d0' on p
age 24 undefined on input line 1233.


Package longtable Warning: Column widths have changed
(longtable)                in table 10 on input line 1233.

[24]
Underfull \hbox (badness 10000) detected at line 1234
[][][]
 []

LaTeX Font Info:    Font shape `T1/pcr/m/it' in size <7> not available
(Font)              Font shape `T1/pcr/m/sl' tried instead on input line 1241.

Package longtable Warning: Column widths have changed
(longtable)                in table 11 on input line 1255.


Underfull \hbox (badness 10000) detected at line 1256
[][][]
 []


LaTeX Warning: Reference `dd/d11/API_8h_aa68a1ba3d46d89bdb40961c52aa2c4d0' on p
age 25 undefined on input line 1273.


Package longtable Warning: Column widths have changed
(longtable)                in table 12 on input line 1273.

[25]

LaTeX Warning: Reference `dd/d11/API_8h_aa68a1ba3d46d89bdb40961c52aa2c4d0' on p
age 26 undefined on input line 1288.


Package longtable Warning: Column widths have changed
(longtable)                in table 13 on input line 1288.


LaTeX Warning: Reference `dd/d11/API_8h_a802efaab0ca93c799eb82d42cf009e07' on p
age 26 undefined on input line 1295.


LaTeX Warning: Reference `dd/d11/API_8h_a4cd09a1ff038c9ac9d461b077312beb6' on p
age 26 undefined on input line 1301.


Package longtable Warning: Column widths have changed
(longtable)                in table 14 on input line 1301.


Package longtable Warning: Column widths have changed
(longtable)                in table 15 on input line 1316.


Underfull \hbox (badness 10000) detected at line 1317
[][][]
 []


LaTeX Warning: Reference `dd/d11/API_8h_a4cd09a1ff038c9ac9d461b077312beb6' on p
age 26 undefined on input line 1328.

[26]

Package longtable Warning: Column widths have changed
(longtable)                in table 16 on input line 1334.


Underfull \hbox (badness 10000) detected at line 1335
[][][]
 []


Package longtable Warning: Column widths have changed
(longtable)                in table 17 on input line 1350.


Underfull \hbox (badness 10000) detected at line 1351
[][][]
 []


LaTeX Warning: Reference `dd/d11/API_8h_a0990e9bf57d497796ddcf12f61122eb5' on p
age 27 undefined on input line 1362.


Package longtable Warning: Column widths have changed
(longtable)                in table 18 on input line 1368.


Underfull \vbox (badness 10000) has occurred while \output is active []

 [27]
Underfull \hbox (badness 10000) detected at line 1369
[][][]
 []


LaTeX Warning: Reference `dd/d11/API_8h_a09f27f0f85db7ff4e2d98fef10c0dde1' on p
age 28 undefined on input line 1380.


Package longtable Warning: Column widths have changed
(longtable)                in table 19 on input line 1386.


Underfull \hbox (badness 10000) detected at line 1387
[][][]
 []


Package longtable Warning: Column widths have changed
(longtable)                in table 20 on input line 1408.


Underfull \hbox (badness 10000) detected at line 1409
[][][]
 []

[28]

LaTeX Warning: Reference `dd/d11/API_8h_a86066f3cf35f5fca7ec405189773182c' on p
age 29 undefined on input line 1418.


Package longtable Warning: Column widths have changed
(longtable)                in table 21 on input line 1432.


Underfull \hbox (badness 10000) detected at line 1433
[][][]
 []


LaTeX Warning: Reference `dd/d11/API_8h_ab9989f4619e4d3ccb13ed4c36d5f787a' on p
age 29 undefined on input line 1444.


LaTeX Warning: Reference `dd/d11/API_8h_ae4859a13f64d3dc4d57875512f0d1171' on p
age 29 undefined on input line 1444.


LaTeX Warning: Reference `dd/d11/API_8h_a874987bcf339f25df0bdbc24f27a03db' on p
age 29 undefined on input line 1444.


LaTeX Warning: Reference `dd/d11/API_8h_a5555228be96449af952aed5bcabb6d8d' on p
age 29 undefined on input line 1444.


Package longtable Warning: Column widths have changed
(longtable)                in table 22 on input line 1452.

[29]

LaTeX Warning: Reference `dd/d11/API_8h_a403c82418e475fa4a8273719e6a7f3e6' on p
age 30 undefined on input line 1461.


LaTeX Warning: Reference `dd/d11/API_8h_ab9989f4619e4d3ccb13ed4c36d5f787a' on p
age 30 undefined on input line 1482.


Package longtable Warning: Column widths have changed
(longtable)                in table 23 on input line 1490.


Underfull \hbox (badness 10000) detected at line 1491
[][][]
 []

[30]

LaTeX Warning: Reference `dd/d11/API_8h_afe7d25ce198da1f8fec5a2dca770cb6a' on p
age 31 undefined on input line 1502.


LaTeX Warning: Reference `dd/d11/API_8h_a5555228be96449af952aed5bcabb6d8d' on p
age 31 undefined on input line 1502.


Package longtable Warning: Column widths have changed
(longtable)                in table 24 on input line 1510.


Underfull \hbox (badness 10000) detected at line 1511
[][][]
 []


LaTeX Warning: Reference `dd/d11/API_8h_ae4859a13f64d3dc4d57875512f0d1171' on p
age 31 undefined on input line 1522.


LaTeX Warning: Reference `dd/d11/API_8h_a5555228be96449af952aed5bcabb6d8d' on p
age 31 undefined on input line 1522.


Package longtable Warning: Column widths have changed
(longtable)                in table 25 on input line 1530.


Underfull \hbox (badness 10000) detected at line 1531
[][][]
 []

[31]

Package longtable Warning: Column widths have changed
(longtable)                in table 26 on input line 1554.


Underfull \hbox (badness 10000) detected at line 1555
[][][]
 []


Package longtable Warning: Column widths have changed
(longtable)                in table 27 on input line 1574.


Underfull \hbox (badness 10000) detected at line 1575
[][][]
 []

[32]

Package longtable Warning: Column widths have changed
(longtable)                in table 28 on input line 1590.


Underfull \hbox (badness 10000) detected at line 1591
[][][]
 []


Package longtable Warning: Column widths have changed
(longtable)                in table 29 on input line 1614.


Underfull \hbox (badness 10000) detected at line 1615
[][][]
 []


Underfull \hbox (badness 10000) detected at line 1626
[][][]
 []


LaTeX Warning: Reference `dd/d11/API_8h_a17270080a32b64937a3669089a80120f' on p
age 33 undefined on input line 1643.

[33]

Package longtable Warning: Column widths have changed
(longtable)                in table 30 on input line 1643.


Underfull \hbox (badness 10000) detected at line 1644
[][][]
 []


LaTeX Warning: Reference `d4/dbf/main_8h_a25a40b6614565f755233080a384c35f1' on 
page 34 undefined on input line 1659.


Package longtable Warning: Column widths have changed
(longtable)                in table 31 on input line 1669.


Underfull \hbox (badness 10000) detected at line 1670
[][][]
 []


LaTeX Warning: Reference `dd/d11/API_8h_a17270080a32b64937a3669089a80120f' on p
age 34 undefined on input line 1691.

[34]

Package longtable Warning: Column widths have changed
(longtable)                in table 32 on input line 1691.


LaTeX Warning: Reference `dd/d11/API_8h_a17270080a32b64937a3669089a80120f' on p
age 35 undefined on input line 1706.


Package longtable Warning: Column widths have changed
(longtable)                in table 33 on input line 1706.

[35] [36]

Package longtable Warning: Column widths have changed
(longtable)                in table 34 on input line 1772.


Underfull \hbox (badness 10000) detected at line 1773
[][][]
 []


Package longtable Warning: Column widths have changed
(longtable)                in table 35 on input line 1805.


Underfull \hbox (badness 10000) detected at line 1806
[][][]
 []

[37]

LaTeX Warning: Reference `d4/dbf/main_8h_a25a40b6614565f755233080a384c35f1' on 
page 38 undefined on input line 1823.


LaTeX Warning: Reference `d4/dbf/main_8h_ad9cda921edb01125bb13c2f86bcf624b' on 
page 38 undefined on input line 1823.


Underfull \hbox (badness 10000) detected at line 1827
[][][]
 []


Package longtable Warning: Column widths have changed
(longtable)                in table 36 on input line 1848.


Underfull \hbox (badness 10000) detected at line 1849
[][][]
 []

[38]

Package longtable Warning: Column widths have changed
(longtable)                in table 37 on input line 1878.


LaTeX Warning: Reference `dd/d11/API_8h_a1c59207742a1acf45a8957d7f04f9dfe' on p
age 39 undefined on input line 1889.


Package longtable Warning: Column widths have changed
(longtable)                in table 38 on input line 1901.

[39]

LaTeX Warning: Reference `d4/dbf/main_8h_a25a40b6614565f755233080a384c35f1' on 
page 40 undefined on input line 1926.


LaTeX Warning: Reference `d4/dbf/main_8h_ad9cda921edb01125bb13c2f86bcf624b' on 
page 40 undefined on input line 1926.


LaTeX Warning: Reference `d4/dbf/main_8h_ac71a94af413917f27d108e95c4d6f6a7' on 
page 40 undefined on input line 1926.


Package longtable Warning: Column widths have changed
(longtable)                in table 39 on input line 1932.


LaTeX Warning: Reference `d4/dbf/main_8h_a3c7ca506bbc071fa740de13805b7f376' on 
page 40 undefined on input line 1941.


LaTeX Warning: Reference `d4/dbf/main_8h_ac71a94af413917f27d108e95c4d6f6a7' on 
page 40 undefined on input line 1941.


Package longtable Warning: Column widths have changed
(longtable)                in table 40 on input line 1955.


Underfull \vbox (badness 10000) has occurred while \output is active []

 [40]

Package longtable Warning: Column widths have changed
(longtable)                in table 41 on input line 1976.


Package longtable Warning: Column widths have changed
(longtable)                in table 42 on input line 1995.

[41]

Package longtable Warning: Column widths have changed
(longtable)                in table 43 on input line 2014.


Package longtable Warning: Column widths have changed
(longtable)                in table 44 on input line 2033.


Underfull \hbox (badness 10000) detected at line 2034
[][][]
 []


Package longtable Warning: Column widths have changed
(longtable)                in table 45 on input line 2057.

[42]

LaTeX Warning: Reference `dd/d11/API_8h_a874987bcf339f25df0bdbc24f27a03db' on p
age 43 undefined on input line 2070.


Package longtable Warning: Column widths have changed
(longtable)                in table 46 on input line 2080.


Package longtable Warning: Column widths have changed
(longtable)                in table 47 on input line 2093.


Underfull \hbox (badness 10000) detected at line 2104
[][][]
 []

[43]
Underfull \hbox (badness 10000) detected at line 2117
[][][]
 []


Package longtable Warning: Column widths have changed
(longtable)                in table 48 on input line 2134.


Underfull \hbox (badness 10000) detected at line 2135
[][][]
 []


LaTeX Warning: Reference `dd/d11/API_8h_a03c5b04b472d024281f62d7af8854a8e' on p
age 44 undefined on input line 2146.


LaTeX Warning: Reference `dd/d11/API_8h_a03c5b04b472d024281f62d7af8854a8e' on p
age 44 undefined on input line 2146.

[44]

Package longtable Warning: Column widths have changed
(longtable)                in table 49 on input line 2154.


LaTeX Warning: Reference `dd/d11/API_8h_a03c5b04b472d024281f62d7af8854a8e' on p
age 45 undefined on input line 2165.


LaTeX Warning: Reference `dd/d11/API_8h_a03c5b04b472d024281f62d7af8854a8e' on p
age 45 undefined on input line 2167.


Package longtable Warning: Column widths have changed
(longtable)                in table 50 on input line 2173.


LaTeX Warning: Reference `dd/d11/API_8h_a8b51124628d2a7741738d48551d1e8ee' on p
age 45 undefined on input line 2188.


LaTeX Warning: Reference `dd/d11/API_8h_afe171a08d22de18fc2ab604b2364959f' on p
age 45 undefined on input line 2188.


Underfull \hbox (badness 10000) detected at line 2192
[][][]
 []

[45]

Package longtable Warning: Column widths have changed
(longtable)                in table 51 on input line 2207.


Package longtable Warning: Column widths have changed
(longtable)                in table 52 on input line 2220.


Underfull \hbox (badness 10000) detected at line 2221
[][][]
 []


Package longtable Warning: Column widths have changed
(longtable)                in table 53 on input line 2238.

[46]
Underfull \hbox (badness 10000) detected at line 2239
[][][]
 []


Package longtable Warning: Column widths have changed
(longtable)                in table 54 on input line 2258.


LaTeX Warning: Reference `dd/d11/API_8h_a403c82418e475fa4a8273719e6a7f3e6' on p
age 47 undefined on input line 2283.

[47]

Package longtable Warning: Column widths have changed
(longtable)                in table 55 on input line 2289.


LaTeX Warning: Reference `dd/d11/API_8h_ab9989f4619e4d3ccb13ed4c36d5f787a' on p
age 48 undefined on input line 2302.


Package longtable Warning: Column widths have changed
(longtable)                in table 56 on input line 2302.


Underfull \hbox (badness 10000) detected at line 2303
[][][]
 []


Package longtable Warning: Column widths have changed
(longtable)                in table 57 on input line 2324.


Underfull \hbox (badness 10000) detected at line 2325
[][][]
 []

[48] [49]

Package longtable Warning: Column widths have changed
(longtable)                in table 58 on input line 2340.


Underfull \hbox (badness 10000) detected at line 2341
[][][]
 []


LaTeX Warning: Reference `dd/d11/API_8h_a7520baa9cf5c9ec2f43925b098e7b46a' on p
age 50 undefined on input line 2352.


LaTeX Warning: Reference `dd/d11/API_8h_a9e5b0b6d5da138b4d5a077237894f96e' on p
age 50 undefined on input line 2352.


Underfull \hbox (badness 10000) detected at line 2356
[][][]
 []


Package longtable Warning: Column widths have changed
(longtable)                in table 59 on input line 2371.


LaTeX Warning: Reference `dd/d11/API_8h_a7520baa9cf5c9ec2f43925b098e7b46a' on p
age 50 undefined on input line 2378.

[50]

Package longtable Warning: Column widths have changed
(longtable)                in table 60 on input line 2386.


Underfull \hbox (badness 10000) detected at line 2387
[][][]
 []


Package longtable Warning: Column widths have changed
(longtable)                in table 61 on input line 2404.


Underfull \hbox (badness 10000) detected at line 2405
[][][]
 []


Package longtable Warning: Column widths have changed
(longtable)                in table 62 on input line 2420.

[51]

LaTeX Warning: Reference `dd/d11/API_8h_ab9989f4619e4d3ccb13ed4c36d5f787a' on p
age 52 undefined on input line 2439.


Package longtable Warning: Column widths have changed
(longtable)                in table 63 on input line 2439.


Underfull \hbox (badness 10000) detected at line 2440
[][][]
 []


LaTeX Warning: Reference `dd/d11/API_8h_a1eceab28885f971892b9d4fc76e0e542' on p
age 52 undefined on input line 2451.


LaTeX Warning: Reference `dd/d11/API_8h_a1eceab28885f971892b9d4fc76e0e542' on p
age 52 undefined on input line 2461.

[52]

Package longtable Warning: Column widths have changed
(longtable)                in table 64 on input line 2467.


LaTeX Warning: Reference `dd/d11/API_8h_a1eceab28885f971892b9d4fc76e0e542' on p
age 53 undefined on input line 2478.


Package longtable Warning: Column widths have changed
(longtable)                in table 65 on input line 2484.


LaTeX Warning: Reference `dd/d11/API_8h_ada81026ae730d990159aab26c302a3ad' on p
age 53 undefined on input line 2501.


LaTeX Warning: Reference `dd/d11/API_8h_ab9989f4619e4d3ccb13ed4c36d5f787a' on p
age 53 undefined on input line 2509.


Package longtable Warning: Column widths have changed
(longtable)                in table 66 on input line 2509.


Overfull \vbox (7.32109pt too high) has occurred while \output is active []


[53]
Underfull \hbox (badness 10000) detected at line 2510
[][][]
 []


LaTeX Warning: Reference `d4/dbf/main_8h_ad9cda921edb01125bb13c2f86bcf624b' on 
page 54 undefined on input line 2521.


Package longtable Warning: Column widths have changed
(longtable)                in table 67 on input line 2539.


Underfull \hbox (badness 10000) detected at line 2540
[][][]
 []


LaTeX Warning: Reference `dd/d11/API_8h_ae93bc867b1aa4a12d6536a497f1b6869' on p
age 54 undefined on input line 2553.

[54]

Package longtable Warning: Column widths have changed
(longtable)                in table 68 on input line 2559.


LaTeX Warning: Reference `dd/d11/API_8h_ac89618d0782547d189fe412a9917639b' on p
age 55 undefined on input line 2572.


LaTeX Warning: Reference `dd/d11/API_8h_ac89618d0782547d189fe412a9917639b' on p
age 55 undefined on input line 2574.


LaTeX Warning: Reference `dd/d11/API_8h_ae93bc867b1aa4a12d6536a497f1b6869' on p
age 55 undefined on input line 2574.


LaTeX Warning: Reference `dd/d11/API_8h_a6ff7f2532a22366f0013bc41397129fd' on p
age 55 undefined on input line 2574.


Package longtable Warning: Column widths have changed
(longtable)                in table 69 on input line 2582.


Package longtable Warning: Column widths have changed
(longtable)                in table 70 on input line 2599.


Overfull \vbox (7.65706pt too high) has occurred while \output is active []


[55]
Underfull \hbox (badness 10000) detected at line 2610
[][][]
 []


Package longtable Warning: Column widths have changed
(longtable)                in table 71 on input line 2625.


Underfull \hbox (badness 10000) detected at line 2626
[][][]
 []


Package longtable Warning: Column widths have changed
(longtable)                in table 72 on input line 2641.

[56]
Underfull \hbox (badness 10000) detected at line 2642
[][][]
 []


Package longtable Warning: Column widths have changed
(longtable)                in table 73 on input line 2661.


LaTeX Warning: Reference `dd/d11/API_8h_ab56a51f337ad1903ad2bbce095744170' on p
age 57 undefined on input line 2670.


LaTeX Warning: Reference `dd/d11/API_8h_afa2a4c5236b32bd9983bf19a4ac0cc23' on p
age 57 undefined on input line 2670.


LaTeX Warning: Reference `dd/d11/API_8h_afa2a4c5236b32bd9983bf19a4ac0cc23' on p
age 57 undefined on input line 2670.


Package longtable Warning: Column widths have changed
(longtable)                in table 74 on input line 2676.

[57]

LaTeX Warning: Reference `dd/d11/API_8h_ae93bc867b1aa4a12d6536a497f1b6869' on p
age 58 undefined on input line 2695.


Package longtable Warning: Column widths have changed
(longtable)                in table 75 on input line 2695.


Underfull \hbox (badness 10000) detected at line 2696
[][][]
 []


Package longtable Warning: Column widths have changed
(longtable)                in table 76 on input line 2713.


LaTeX Warning: Reference `dd/d11/API_8h_aed267558847e901e3741bd031c4fc83d' on p
age 58 undefined on input line 2728.


Package longtable Warning: Column widths have changed
(longtable)                in table 77 on input line 2728.

[58]
Underfull \hbox (badness 10000) detected at line 2729
[][][]
 []


Package longtable Warning: Column widths have changed
(longtable)                in table 78 on input line 2748.


Underfull \hbox (badness 10000) detected at line 2749
[][][]
 []


LaTeX Warning: Reference `dd/d11/API_8h_aed267558847e901e3741bd031c4fc83d' on p
age 59 undefined on input line 2766.


Package longtable Warning: Column widths have changed
(longtable)                in table 79 on input line 2766.

[59]

LaTeX Warning: Reference `dd/d11/API_8h_ae4859a13f64d3dc4d57875512f0d1171' on p
age 60 undefined on input line 2775.


LaTeX Warning: Reference `dd/d11/API_8h_ab9989f4619e4d3ccb13ed4c36d5f787a' on p
age 60 undefined on input line 2775.


LaTeX Warning: Reference `dd/d11/API_8h_afe7d25ce198da1f8fec5a2dca770cb6a' on p
age 60 undefined on input line 2775.


LaTeX Warning: Reference `d4/dbf/main_8h_ad9cda921edb01125bb13c2f86bcf624b' on 
page 60 undefined on input line 2777.


Package longtable Warning: Column widths have changed
(longtable)                in table 80 on input line 2787.


Package longtable Warning: Column widths have changed
(longtable)                in table 81 on input line 2802.


LaTeX Warning: Reference `dd/d11/API_8h_ac89618d0782547d189fe412a9917639b' on p
age 60 undefined on input line 2809.


Package longtable Warning: Column widths have changed
(longtable)                in table 82 on input line 2815.

[60]

LaTeX Warning: Reference `dd/d11/API_8h_ae93bc867b1aa4a12d6536a497f1b6869' on p
age 61 undefined on input line 2822.


Package longtable Warning: Column widths have changed
(longtable)                in table 83 on input line 2830.


LaTeX Warning: Reference `d4/dbf/main_8h_ad9cda921edb01125bb13c2f86bcf624b' on 
page 61 undefined on input line 2839.

) (./dd/d11/API_8h_source.tex [61]
Underfull \vbox (badness 10000) has occurred while \output is active []

 [62]
Underfull \vbox (badness 10000) has occurred while \output is active []

 [63]
Underfull \vbox (badness 10000) has occurred while \output is active []

 [64])
(./d3/d96/auton_8h.tex
Underfull \hbox (badness 10000) in paragraph at lines 8--9

 []

LaTeX Font Info:    Font shape `T1/phv/m/n' will be
(Font)              scaled to size 8.09995pt on input line 16.
LaTeX Font Info:    Font shape `T1/phv/m/it' in size <9> not available
(Font)              Font shape `T1/phv/m/sl' tried instead on input line 16.
LaTeX Font Info:    Font shape `T1/phv/m/sl' will be
(Font)              scaled to size 8.09995pt on input line 16.

Underfull \hbox (badness 10000) detected at line 29
[][][]
 []


Underfull \hbox (badness 10000) detected at line 32
[][][]
 []

[65]
Underfull \hbox (badness 10000) detected at line 52
[][][]
 []


Underfull \hbox (badness 10000) detected at line 55
[][][]
 []


Underfull \hbox (badness 10000) detected at line 83
[][][]
 []


Underfull \hbox (badness 10000) detected at line 86
[][][]
 []

[66]
Underfull \hbox (badness 10000) detected at line 117
[][][]
 []


Underfull \hbox (badness 10000) detected at line 120
[][][]
 []

) (./d3/d96/auton_8h_source.tex) (./d2/dd9/controller_8h.tex [67]
Underfull \hbox (badness 10000) detected at line 33
[][][]
 []


Underfull \hbox (badness 10000) detected at line 36
[][][]
 []


Underfull \hbox (badness 10000) detected at line 56
[][][]
 []


Underfull \hbox (badness 10000) detected at line 59
[][][]
 []

[68]
Underfull \hbox (badness 10000) detected at line 80
[][][]
 []


Underfull \hbox (badness 10000) detected at line 83
[][][]
 []


Underfull \hbox (badness 10000) detected at line 104
[][][]
 []


Underfull \hbox (badness 10000) detected at line 107
[][][]
 []

[69]
Underfull \hbox (badness 10000) detected at line 128
[][][]
 []


Underfull \hbox (badness 10000) detected at line 131
[][][]
 []


Underfull \hbox (badness 10000) detected at line 148
[][][]
 []


Underfull \hbox (badness 10000) detected at line 151
[][][]
 []


Underfull \hbox (badness 10000) detected at line 172
[][][]
 []


Underfull \hbox (badness 10000) detected at line 175
[][][]
 []

[70] [71]

Package longtable Warning: Column widths have changed
(longtable)                in table 84 on input line 201.


Underfull \hbox (badness 10000) detected at line 202
[][][]
 []


Underfull \hbox (badness 10000) detected at line 205
[][][]
 []

) (./d2/dd9/controller_8h_source.tex) (./da/d0b/drive_8h.tex
Underfull \hbox (badness 10000) in paragraph at lines 8--12

 []

[72] [73]
Underfull \hbox (badness 10000) detected at line 83
[][][]
 []


Underfull \hbox (badness 10000) detected at line 86
[][][]
 []


Underfull \hbox (badness 10000) detected at line 110
[][][]
 []


Underfull \hbox (badness 10000) detected at line 113
[][][]
 []


Underfull \hbox (badness 10000) detected at line 139
[][][]
 []


Underfull \hbox (badness 10000) detected at line 142
[][][]
 []

[74]
Underfull \hbox (badness 10000) detected at line 169
[][][]
 []


Underfull \hbox (badness 10000) detected at line 172
[][][]
 []

[75]

Package longtable Warning: Column widths have changed
(longtable)                in table 85 on input line 258.

[76]
Underfull \hbox (badness 10000) detected at line 259
[][][]
 []


Underfull \hbox (badness 10000) detected at line 262
[][][]
 []


Underfull \hbox (badness 10000) detected at line 289
[][][]
 []


Underfull \hbox (badness 10000) detected at line 292
[][][]
 []

[77]

Package longtable Warning: Column widths have changed
(longtable)                in table 86 on input line 323.


Underfull \hbox (badness 10000) detected at line 324
[][][]
 []


Underfull \hbox (badness 10000) detected at line 327
[][][]
 []


Underfull \hbox (badness 10000) detected at line 359
[][][]
 []


Underfull \hbox (badness 10000) detected at line 362
[][][]
 []


Underfull \hbox (badness 10000) detected at line 389
[][][]
 []


Underfull \hbox (badness 10000) detected at line 392
[][][]
 []

[78]
Underfull \hbox (badness 10000) detected at line 428
[][][]
 []


Underfull \hbox (badness 10000) detected at line 431
[][][]
 []

[79]

Package longtable Warning: Column widths have changed
(longtable)                in table 87 on input line 465.


Underfull \hbox (badness 10000) detected at line 466
[][][]
 []


Underfull \hbox (badness 10000) detected at line 469
[][][]
 []


Underfull \hbox (badness 10000) detected at line 482
[][][]
 []


Underfull \hbox (badness 10000) detected at line 485
[][][]
 []


Underfull \hbox (badness 10000) detected at line 515
[][][]
 []


Underfull \hbox (badness 10000) detected at line 518
[][][]
 []

[80]

Package longtable Warning: Column widths have changed
(longtable)                in table 88 on input line 552.


Underfull \hbox (badness 10000) detected at line 553
[][][]
 []


Underfull \hbox (badness 10000) detected at line 556
[][][]
 []

[81]

Package longtable Warning: Column widths have changed
(longtable)                in table 89 on input line 591.


Underfull \hbox (badness 10000) detected at line 592
[][][]
 []


Underfull \hbox (badness 10000) detected at line 595
[][][]
 []

[82]
Underfull \hbox (badness 10000) detected at line 634
[][][]
 []


Underfull \hbox (badness 10000) detected at line 637
[][][]
 []


Underfull \hbox (badness 10000) detected at line 667
[][][]
 []


Underfull \hbox (badness 10000) detected at line 670
[][][]
 []

) (./da/d0b/drive_8h_source.tex [83]) (./d5/d08/encoders_8h.tex
Underfull \hbox (badness 10000) in paragraph at lines 8--10

 []

[84]
Underfull \hbox (badness 10000) detected at line 45
[][][]
 []


Underfull \hbox (badness 10000) detected at line 48
[][][]
 []


Underfull \hbox (badness 10000) detected at line 68
[][][]
 []

[85]
Underfull \hbox (badness 10000) detected at line 71
[][][]
 []


Underfull \hbox (badness 10000) detected at line 88
[][][]
 []


Underfull \hbox (badness 10000) detected at line 91
[][][]
 []


Underfull \hbox (badness 10000) detected at line 112
[][][]
 []


Underfull \hbox (badness 10000) detected at line 115
[][][]
 []


Underfull \hbox (badness 10000) detected at line 136
[][][]
 []

[86]
Underfull \hbox (badness 10000) detected at line 139
[][][]
 []


Underfull \hbox (badness 10000) detected at line 160
[][][]
 []


Underfull \hbox (badness 10000) detected at line 163
[][][]
 []


Underfull \hbox (badness 10000) detected at line 184
[][][]
 []


Underfull \hbox (badness 10000) detected at line 187
[][][]
 []


Underfull \hbox (badness 10000) detected at line 190
[][][]
 []


Underfull \hbox (badness 10000) detected at line 193
[][][]
 []


LaTeX Warning: Reference `d5/d08/encoders_8h_a87db35d2735ef045f57d446b3bfe8d48'
 on page 87 undefined on input line 194.

[87]
Underfull \hbox (badness 10000) detected at line 217
[][][]
 []


Underfull \hbox (badness 10000) detected at line 220
[][][]
 []

[88]

Package longtable Warning: Column widths have changed
(longtable)                in table 90 on input line 252.


Underfull \hbox (badness 10000) detected at line 253
[][][]
 []


Underfull \hbox (badness 10000) detected at line 256
[][][]
 []


Underfull \hbox (badness 10000) detected at line 289
[][][]
 []


Package longtable Warning: Column widths have changed
(longtable)                in table 91 on input line 296.


Underfull \hbox (badness 10000) detected at line 297
[][][]
 []


Underfull \hbox (badness 10000) detected at line 300
[][][]
 []

[89]
Underfull \hbox (badness 10000) detected at line 329
[][][]
 []


Underfull \hbox (badness 10000) detected at line 332
[][][]
 []


Underfull \hbox (badness 10000) detected at line 335
[][][]
 []


LaTeX Warning: Reference `d5/d08/encoders_8h_a87db35d2735ef045f57d446b3bfe8d48'
 on page 90 undefined on input line 336.

[90]

Package longtable Warning: Column widths have changed
(longtable)                in table 92 on input line 382.


Underfull \hbox (badness 10000) detected at line 383
[][][]
 []


Underfull \hbox (badness 10000) detected at line 386
[][][]
 []


Underfull \hbox (badness 10000) detected at line 419
[][][]
 []


Underfull \hbox (badness 10000) detected at line 422
[][][]
 []

) (./d5/d08/encoders_8h_source.tex [91]) (./da/d82/gyro_8h.tex
Underfull \hbox (badness 10000) in paragraph at lines 8--10

 []

[92]
Underfull \hbox (badness 10000) detected at line 40
[][][]
 []


Underfull \hbox (badness 10000) detected at line 43
[][][]
 []


Underfull \hbox (badness 10000) detected at line 79
[][][]
 []


Underfull \hbox (badness 10000) detected at line 82
[][][]
 []

[93]
Underfull \hbox (badness 10000) detected at line 106
[][][]
 []


Underfull \hbox (badness 10000) detected at line 109
[][][]
 []


Underfull \hbox (badness 10000) detected at line 112
[][][]
 []


Underfull \hbox (badness 10000) detected at line 143
[][][]
 []


Underfull \hbox (badness 10000) detected at line 146
[][][]
 []

[94]
Underfull \hbox (badness 10000) detected at line 185
[][][]
 []


Underfull \hbox (badness 10000) detected at line 188
[][][]
 []


Underfull \hbox (badness 10000) detected at line 191
[][][]
 []

) (./da/d82/gyro_8h_source.tex) (./d2/ded/lcd_8h.tex
Underfull \hbox (badness 10000) in paragraph at lines 8--9

 []

[95]
Underfull \hbox (badness 10000) detected at line 50
[][][]
 []


Underfull \hbox (badness 10000) detected at line 53
[][][]
 []

[96]
Underfull \hbox (badness 10000) detected at line 73
[][][]
 []


Underfull \hbox (badness 10000) detected at line 76
[][][]
 []


Underfull \hbox (badness 10000) detected at line 93
[][][]
 []


Underfull \hbox (badness 10000) detected at line 96
[][][]
 []

[97]
Underfull \hbox (badness 10000) detected at line 118
[][][]
 []


Underfull \hbox (badness 10000) detected at line 121
[][][]
 []


Package longtable Warning: Column widths have changed
(longtable)                in table 93 on input line 133.


Package longtable Warning: Column widths have changed
(longtable)                in table 94 on input line 162.

[98]
Underfull \hbox (badness 10000) detected at line 163
[][][]
 []


LaTeX Warning: Reference `dd/d11/API_8h_ad94ac6d5e345a1f794174d9bb7c6f69c' on p
age 99 undefined on input line 164.


LaTeX Warning: Reference `dd/d11/API_8h_a001e6f2f6c87e1e2bcff741ab586024e' on p
age 99 undefined on input line 166.


Underfull \hbox (badness 10000) detected at line 168
[][][]
 []


Underfull \hbox (badness 10000) detected at line 171
[][][]
 []


Underfull \hbox (badness 10000) detected at line 200
[][][]
 []


Underfull \hbox (badness 10000) detected at line 203
[][][]
 []


Underfull \hbox (badness 10000) detected at line 235
[][][]
 []


Underfull \hbox (badness 10000) detected at line 238
[][][]
 []

[99]
Underfull \hbox (badness 10000) detected at line 241
[][][]
 []


Underfull \hbox (badness 10000) detected at line 244
[][][]
 []


LaTeX Warning: Reference `d8/d03/structlcd__buttons' on page 100 undefined on i
nput line 245.

[100]

Package longtable Warning: Column widths have changed
(longtable)                in table 95 on input line 291.


Underfull \hbox (badness 10000) detected at line 292
[][][]
 []


Underfull \hbox (badness 10000) detected at line 295
[][][]
 []


Package longtable Warning: Column widths have changed
(longtable)                in table 96 on input line 329.


Underfull \hbox (badness 10000) detected at line 330
[][][]
 []


Underfull \hbox (badness 10000) detected at line 333
[][][]
 []

[101]

Package longtable Warning: Column widths have changed
(longtable)                in table 97 on input line 350.


Underfull \hbox (badness 10000) detected at line 351
[][][]
 []


Underfull \hbox (badness 10000) detected at line 354
[][][]
 []


Package longtable Warning: Column widths have changed
(longtable)                in table 98 on input line 386.


Underfull \hbox (badness 10000) detected at line 387
[][][]
 []


Underfull \hbox (badness 10000) detected at line 390
[][][]
 []

[102]) (./d2/ded/lcd_8h_source.tex) (./d4/dbf/main_8h.tex
Underfull \hbox (badness 10000) in paragraph at lines 8--9

 []

[103]

LaTeX Warning: Reference `d4/dbf/main_8h_ac71a94af413917f27d108e95c4d6f6a7' on 
page 104 undefined on input line 50.

[104]

LaTeX Warning: Reference `d4/dbf/main_8h_ac71a94af413917f27d108e95c4d6f6a7' on 
page 105 undefined on input line 79.


LaTeX Warning: Reference `d4/dbf/main_8h_a3c7ca506bbc071fa740de13805b7f376' on 
page 105 undefined on input line 79.


LaTeX Warning: Reference `dd/d11/API_8h_a1875409d12eee562555bda94cad7f973' on p
age 105 undefined on input line 141.


LaTeX Warning: Reference `dd/d11/API_8h_a23e767e5b47fa61d4e2cc02e6f15c7ab' on p
age 105 undefined on input line 141.


LaTeX Warning: Reference `dd/d11/API_8h_a43dc11a67b697c0d32315ea5a9af85f9' on p
age 105 undefined on input line 141.

[105]

LaTeX Warning: Reference `dd/d11/API_8h_a1c59207742a1acf45a8957d7f04f9dfe' on p
age 106 undefined on input line 160.


LaTeX Warning: Reference `dd/d11/API_8h_ae93bc867b1aa4a12d6536a497f1b6869' on p
age 106 undefined on input line 160.

) (./d4/dbf/main_8h_source.tex [106]) (./d0/d97/motor__ports_8h.tex [107]
Underfull \hbox (badness 10000) detected at line 59
[][][]
 []


Underfull \hbox (badness 10000) detected at line 62
[][][]
 []


Underfull \hbox (badness 10000) detected at line 83
[][][]
 []


Underfull \hbox (badness 10000) detected at line 86
[][][]
 []


Underfull \hbox (badness 10000) detected at line 107
[][][]
 []


Underfull \hbox (badness 10000) detected at line 110
[][][]
 []

[108]
Underfull \hbox (badness 10000) detected at line 131
[][][]
 []


Underfull \hbox (badness 10000) detected at line 134
[][][]
 []


Underfull \hbox (badness 10000) detected at line 155
[][][]
 []


Underfull \hbox (badness 10000) detected at line 158
[][][]
 []

[109]
Underfull \hbox (badness 10000) detected at line 179
[][][]
 []


Underfull \hbox (badness 10000) detected at line 182
[][][]
 []


Underfull \hbox (badness 10000) detected at line 203
[][][]
 []


Underfull \hbox (badness 10000) detected at line 206
[][][]
 []


Underfull \hbox (badness 10000) detected at line 227
[][][]
 []


Underfull \hbox (badness 10000) detected at line 230
[][][]
 []

[110]
Underfull \hbox (badness 10000) detected at line 251
[][][]
 []


Underfull \hbox (badness 10000) detected at line 254
[][][]
 []


Underfull \hbox (badness 10000) detected at line 275
[][][]
 []


Underfull \hbox (badness 10000) detected at line 278
[][][]
 []


Underfull \hbox (badness 10000) detected at line 299
[][][]
 []


Underfull \hbox (badness 10000) detected at line 302
[][][]
 []

) (./d0/d97/motor__ports_8h_source.tex [111]) (./d9/d21/auto_8c.tex
Underfull \hbox (badness 10000) in paragraph at lines 8--11

 []


LaTeX Warning: Reference `d9/d21/auto_8c_a3c7ca506bbc071fa740de13805b7f376' on 
page 112 undefined on input line 25.

[112]

LaTeX Warning: Reference `d4/dbf/main_8h_ac71a94af413917f27d108e95c4d6f6a7' on 
page 113 undefined on input line 46.


Underfull \hbox (badness 10000) detected at line 75
[][][]
 []


Underfull \hbox (badness 10000) detected at line 78
[][][]
 []

[113]
Underfull \hbox (badness 10000) detected at line 109
[][][]
 []


Underfull \hbox (badness 10000) detected at line 112
[][][]
 []

) (./d9/d21/auto_8c_source.tex [114]) (./d8/d60/init_8c.tex
Underfull \hbox (badness 10000) in paragraph at lines 8--12

 []


LaTeX Warning: Reference `d8/d60/init_8c_a25a40b6614565f755233080a384c35f1' on 
page 115 undefined on input line 24.

[115]

LaTeX Warning: Reference `d4/dbf/main_8h_ac71a94af413917f27d108e95c4d6f6a7' on 
page 116 undefined on input line 45.


LaTeX Warning: Reference `d4/dbf/main_8h_a3c7ca506bbc071fa740de13805b7f376' on 
page 116 undefined on input line 45.

[116]

LaTeX Warning: Reference `dd/d11/API_8h_a1875409d12eee562555bda94cad7f973' on p
age 117 undefined on input line 107.


LaTeX Warning: Reference `dd/d11/API_8h_a23e767e5b47fa61d4e2cc02e6f15c7ab' on p
age 117 undefined on input line 107.


LaTeX Warning: Reference `dd/d11/API_8h_a43dc11a67b697c0d32315ea5a9af85f9' on p
age 117 undefined on input line 107.

) (./d8/d60/init_8c_source.tex [117]) (./dd/d9e/opcontrol_8c.tex
Underfull \hbox (badness 10000) in paragraph at lines 8--13

 []


LaTeX Warning: Reference `dd/d9e/opcontrol_8c_ac71a94af413917f27d108e95c4d6f6a7
' on page 118 undefined on input line 23.

[118]

LaTeX Warning: Reference `dd/d11/API_8h_a1c59207742a1acf45a8957d7f04f9dfe' on p
age 119 undefined on input line 44.


LaTeX Warning: Reference `dd/d11/API_8h_ae93bc867b1aa4a12d6536a497f1b6869' on p
age 119 undefined on input line 44.

) (./dd/d9e/opcontrol_8c_source.tex [119]) [120]
No file refman.ind.

Package longtable Warning: Table widths have changed. Rerun LaTeX.

(./refman.aux)

LaTeX Warning: There were undefined references.


LaTeX Warning: Label(s) may have changed. Rerun to get cross-references right.

 ) 
Here is how much of TeX's memory you used:
 8566 strings out of 492649
 132336 string characters out of 6129622
 218779 words of memory out of 5000000
 12149 multiletter control sequences out of 15000+600000
 54764 words of font info for 80 fonts, out of 8000000 for 9000
 1141 hyphenation exceptions out of 8191
 53i,16n,92p,2840b,578s stack positions out of 5000i,500n,10000p,200000b,80000s
{/usr/local/texlive/2018/texmf-dist/fonts/enc/dvips/base/8r.enc}</usr/local/t
exlive/2018/texmf-dist/fonts/type1/public/amsfonts/cm/cmmi10.pfb></usr/local/te
xlive/2018/texmf-dist/fonts/type1/public/amsfonts/cm/cmmi7.pfb></usr/local/texl
ive/2018/texmf-dist/fonts/type1/public/amsfonts/cm/cmsy10.pfb></usr/local/texli
ve/2018/texmf-dist/fonts/type1/public/amsfonts/cm/cmsy7.pfb></usr/local/texlive
/2018/texmf-dist/fonts/type1/public/amsfonts/cm/cmsy8.pfb></usr/local/texlive/2
018/texmf-dist/fonts/type1/urw/courier/ucrb8a.pfb></usr/local/texlive/2018/texm
f-dist/fonts/type1/urw/courier/ucrr8a.pfb></usr/local/texlive/2018/texmf-dist/f
onts/type1/urw/courier/ucrro8a.pfb></usr/local/texlive/2018/texmf-dist/fonts/ty
pe1/urw/helvetic/uhvb8a.pfb></usr/local/texlive/2018/texmf-dist/fonts/type1/urw
/helvetic/uhvb8ac.pfb></usr/local/texlive/2018/texmf-dist/fonts/type1/urw/helve
tic/uhvr8a.pfb></usr/local/texlive/2018/texmf-dist/fonts/type1/urw/helvetic/uhv
ro8a.pfb>
Output written on refman.pdf (121 pages, 304287 bytes).
PDF statistics:
 445 PDF objects out of 1000 (max. 8388607)
 306 compressed objects within 4 object streams
 0 named destinations out of 1000 (max. 500000)
 1 words of extra memory for PDF output out of 10000 (max. 10000000)

